#
# A fatal error has been detected by the Java Runtime Environment:
#
#  Internal Error (javaClasses.cpp:124), pid=1732, tid=3432
#  fatal error: Invalid layout of preloaded class
#
# JRE version:  (8.0-b97) (build )
# Java VM: Java HotSpot(TM) Client VM (25.0-b39 mixed mode windows-x86 )
# Failed to write core dump. Minidumps are not enabled by default on client versions of Windows
#
# If you would like to submit a bug report, please visit:
#   http://bugreport.sun.com/bugreport/crash.jsp
#

---------------  T H R E A D  ---------------

Current thread (0x015bbc00):  JavaThread "Unknown thread" [_thread_in_vm, id=3432, stack(0x00770000,0x007c0000)]

Stack: [0x00770000,0x007c0000],  sp=0x007bf358,  free space=316k
Native frames: (J=compiled Java code, j=interpreted, Vv=VM code, C=native code)
V  [jvm.dll+0x18f462]
V  [jvm.dll+0x1889a6]
V  [jvm.dll+0x3c85a]
V  [jvm.dll+0x3c940]
V  [jvm.dll+0x4a253]
V  [jvm.dll+0x9b2ce]
V  [jvm.dll+0x9b58b]
V  [jvm.dll+0x13ea66]
V  [jvm.dll+0x16201c]
V  [jvm.dll+0xd727f]
C  [javaw.exe+0x13ce]
C  [javaw.exe+0x1e85]
C  [javaw.exe+0xab41]
C  [javaw.exe+0xabcb]
C  [KERNEL32.DLL+0x173e]
C  [ntdll.dll+0x3af94]
C  [ntdll.dll+0x3af40]


---------------  P R O C E S S  ---------------

Java Threads: ( => current thread )

Other Threads:

=>0x015bbc00 (exited) JavaThread "Unknown thread" [_thread_in_vm, id=3432, stack(0x00770000,0x007c0000)]

VM state:not at safepoint (not fully initialized)

VM Mutex/Monitor currently owned by a thread: None

GC Heap History (0 events):
No events

Deoptimization events (0 events):
No events

Internal exceptions (0 events):
No events

Events (10 events):
Event: 0.045 loading class 0x0144a5e8 done
Event: 0.046 loading class 0x0144a0e0 done
Event: 0.046 loading class 0x0144a0c8
Event: 0.047 loading class 0x01450df0
Event: 0.047 loading class 0x01450df0 done
Event: 0.047 loading class 0x01450e20
Event: 0.047 loading class 0x01450e20 done
Event: 0.047 loading class 0x01450e50
Event: 0.047 loading class 0x01450e50 done
Event: 0.048 loading class 0x0144a0c8 done


Dynamic libraries:
0x00800000 - 0x00830000 	C:\Program Files\Java\jdk1.8.0\bin\javaw.exe
0x77900000 - 0x77a67000 	C:\Windows\SYSTEM32\ntdll.dll
0x75bf0000 - 0x75ce8000 	C:\Windows\system32\KERNEL32.DLL
0x743b0000 - 0x7446c000 	C:\Windows\system32\KERNELBASE.dll
0x76650000 - 0x766fe000 	C:\Windows\system32\ADVAPI32.dll
0x761b0000 - 0x762d0000 	C:\Windows\system32\USER32.dll
0x72e30000 - 0x73028000 	C:\Windows\WinSxS\x86_microsoft.windows.common-controls_6595b64144ccf1df_6.0.9200.16579_none_8937eec6860750f5\COMCTL32.dll
0x75aa0000 - 0x75b51000 	C:\Windows\system32\msvcrt.dll
0x76170000 - 0x761a4000 	C:\Windows\SYSTEM32\sechost.dll
0x75cf0000 - 0x75dc1000 	C:\Windows\system32\RPCRT4.dll
0x767f0000 - 0x768fb000 	C:\Windows\system32\GDI32.dll
0x75bc0000 - 0x75beb000 	C:\Windows\system32\IMM32.DLL
0x76700000 - 0x767dd000 	C:\Windows\system32\MSCTF.dll
0x63640000 - 0x636fd000 	C:\Program Files\Java\jdk1.8.0\jre\bin\msvcr100.dll
0x627b0000 - 0x62b30000 	C:\Program Files\Java\jdk1.8.0\jre\bin\client\jvm.dll
0x6e200000 - 0x6e208000 	C:\Windows\SYSTEM32\WSOCK32.dll
0x6eaa0000 - 0x6eac1000 	C:\Windows\SYSTEM32\WINMM.dll
0x76360000 - 0x76366000 	C:\Windows\system32\PSAPI.DLL
0x76370000 - 0x763c0000 	C:\Windows\system32\WS2_32.dll
0x69f30000 - 0x69f5b000 	C:\Windows\SYSTEM32\WINMMBASE.dll
0x767e0000 - 0x767e8000 	C:\Windows\system32\NSI.dll
0x74260000 - 0x742a6000 	C:\Windows\SYSTEM32\cfgmgr32.dll
0x742b0000 - 0x742ce000 	C:\Windows\system32\DEVOBJ.dll
0x69d10000 - 0x69d1c000 	C:\Program Files\Java\jdk1.8.0\jre\bin\verify.dll
0x69ce0000 - 0x69d01000 	C:\Program Files\Java\jdk1.8.0\jre\bin\java.dll
0x69c80000 - 0x69c93000 	C:\Program Files\Java\jdk1.8.0\jre\bin\zip.dll
0x703c0000 - 0x704e9000 	C:\Windows\SYSTEM32\dbghelp.dll

VM Arguments:
jvm_args: -Dfile.encoding=Cp1252 -Xbootclasspath:C:\Users\DNSB\android-sdks\platforms\android-21\android.jar 
java_command: org.eclipse.jdt.internal.junit.runner.RemoteTestRunner -version 3 -port 61290 -testLoaderClass org.eclipse.jdt.internal.junit.runner.junit3.JUnit3TestLoader -loaderpluginname org.eclipse.jdt.junit.runtime -classNames com.example.forecast.app.TestProvider
java_class_path (initial): D:\KCE\SMCS\Acds\spring 15\adv android\Project\Forecast\bin\classes;D:\KCE\SMCS\Acds\spring 15\adv android\Project\android-support-v7-appcompat\libs\android-support-v7-appcompat.jar;D:\KCE\SMCS\Acds\spring 15\adv android\Project\Forecast\libs\android-support-v4.jar;D:\KCE\SMCS\Acds\spring 15\adv android\Project\android-support-v7-appcompat\bin\android-support-v7-appcompat.jar;/C:/Users/DNSB/.eclipse/org.eclipse.platform_4.3.2_1709980481_win32_win32_x86/configuration/org.eclipse.osgi/bundles/200/1/.cp/
Launcher Type: SUN_STANDARD

Environment Variables:
CLASSPATH=.;C:\Program Files\Java\jre8\lib\mysql-connector-java-5.0.8-bin.jar
PATH=C:/Program Files/Java/jdk1.8.0/bin/../jre/bin/client;C:/Program Files/Java/jdk1.8.0/bin/../jre/bin;C:/Program Files/Java/jdk1.8.0/bin/../jre/lib/i386;C:\Program Files\PHP\;C:\Program Files\Java\jdk1.8.0\bin;;C:\Users\DNSB\AppData\Local\Smartbar\Application\;C:\Program Files\MySQL\MySQL Utilities\;C:\Program Files\Windows Live\Shared;C:\Python27;C:\Python27\Scripts;C:\Program Files\Java\jre8\bin\;C:\Windows\System32;C:\Program Files\eclipse;
USERNAME=DNSB
OS=Windows_NT
PROCESSOR_IDENTIFIER=x86 Family 6 Model 42 Stepping 7, GenuineIntel



---------------  S Y S T E M  ---------------

OS: Windows 8 Build 9200 

CPU:total 4 (2 cores per cpu, 2 threads per core) family 6 model 42 stepping 7, cmov, cx8, fxsr, mmx, sse, sse2, sse3, ssse3, sse4.1, sse4.2, popcnt, avx, ht, tsc, tscinvbit

Memory: 4k page, physical 3059884k(1063028k free), swap 5943468k(3243924k free)

vm_info: Java HotSpot(TM) Client VM (25.0-b39) for windows-x86 JRE (1.8.0-ea-b97), built on Jul  4 2013 10:51:01 by "java_re" with MS VC++ 10.0 (VS2010)

time: Tue Apr 21 16:27:49 2015
elapsed time: 0 seconds

